#! /c/Source/iverilog-install/bin/vvp
:ivl_version "12.0 (devel)" "(s20150603-1110-g18392a46)";
:ivl_delay_selection "TYPICAL";
:vpi_time_precision + 0;
:vpi_module "C:\iverilog\lib\ivl\system.vpi";
:vpi_module "C:\iverilog\lib\ivl\vhdl_sys.vpi";
:vpi_module "C:\iverilog\lib\ivl\vhdl_textio.vpi";
:vpi_module "C:\iverilog\lib\ivl\v2005_math.vpi";
:vpi_module "C:\iverilog\lib\ivl\va_math.vpi";
S_000001a10e6a2720 .scope module, "aluControlUnit" "aluControlUnit" 2 16;
 .timescale 0 0;
    .port_info 0 /INPUT 2 "alu_op";
    .port_info 1 /INPUT 6 "instruction_5_0";
    .port_info 2 /OUTPUT 4 "alu_out";
L_000001a10e6a32d0 .functor BUFZ 4, v000001a10e689ac0_0, C4<0000>, C4<0000>, C4<0000>;
o000001a10e6d6fd8 .functor BUFZ 2, C4<zz>; HiZ drive
v000001a10e6898e0_0 .net "alu_op", 1 0, o000001a10e6d6fd8;  0 drivers
v000001a10e689c00_0 .net "alu_out", 3 0, L_000001a10e6a32d0;  1 drivers
o000001a10e6d7038 .functor BUFZ 6, C4<zzzzzz>; HiZ drive
v000001a10e689520_0 .net "instruction_5_0", 5 0, o000001a10e6d7038;  0 drivers
v000001a10e689ac0_0 .var "result", 3 0;
E_000001a10e68ca10 .event anyedge, v000001a10e689520_0, v000001a10e6898e0_0;
    .scope S_000001a10e6a2720;
T_0 ;
    %wait E_000001a10e68ca10;
    %load/vec4 v000001a10e6898e0_0;
    %load/vec4 v000001a10e689520_0;
    %concat/vec4; draw_concat_vec4
    %dup/vec4;
    %pushi/vec4 63, 63, 8;
    %cmp/x;
    %jmp/1 T_0.0, 4;
    %dup/vec4;
    %pushi/vec4 255, 191, 8;
    %cmp/x;
    %jmp/1 T_0.1, 4;
    %dup/vec4;
    %pushi/vec4 240, 112, 8;
    %cmp/x;
    %jmp/1 T_0.2, 4;
    %dup/vec4;
    %pushi/vec4 242, 112, 8;
    %cmp/x;
    %jmp/1 T_0.3, 4;
    %dup/vec4;
    %pushi/vec4 244, 112, 8;
    %cmp/x;
    %jmp/1 T_0.4, 4;
    %dup/vec4;
    %pushi/vec4 245, 112, 8;
    %cmp/x;
    %jmp/1 T_0.5, 4;
    %dup/vec4;
    %pushi/vec4 250, 112, 8;
    %cmp/x;
    %jmp/1 T_0.6, 4;
    %dup/vec4;
    %pushi/vec4 247, 112, 8;
    %cmp/x;
    %jmp/1 T_0.7, 4;
    %jmp T_0.8;
T_0.0 ;
    %pushi/vec4 2, 0, 4;
    %store/vec4 v000001a10e689ac0_0, 0, 4;
    %jmp T_0.8;
T_0.1 ;
    %pushi/vec4 6, 0, 4;
    %store/vec4 v000001a10e689ac0_0, 0, 4;
    %jmp T_0.8;
T_0.2 ;
    %pushi/vec4 2, 0, 4;
    %store/vec4 v000001a10e689ac0_0, 0, 4;
    %jmp T_0.8;
T_0.3 ;
    %pushi/vec4 6, 0, 4;
    %store/vec4 v000001a10e689ac0_0, 0, 4;
    %jmp T_0.8;
T_0.4 ;
    %pushi/vec4 0, 0, 4;
    %store/vec4 v000001a10e689ac0_0, 0, 4;
    %jmp T_0.8;
T_0.5 ;
    %pushi/vec4 1, 0, 4;
    %store/vec4 v000001a10e689ac0_0, 0, 4;
    %jmp T_0.8;
T_0.6 ;
    %pushi/vec4 7, 0, 4;
    %store/vec4 v000001a10e689ac0_0, 0, 4;
    %jmp T_0.8;
T_0.7 ;
    %pushi/vec4 12, 0, 4;
    %store/vec4 v000001a10e689ac0_0, 0, 4;
    %jmp T_0.8;
T_0.8 ;
    %pop/vec4 1;
    %jmp T_0;
    .thread T_0, $push;
# The file index is used to find the file name in the following table.
:file_names 3;
    "N/A";
    "<interactive>";
    "aluControlUnit.v";
