#! /c/Source/iverilog-install/bin/vvp
:ivl_version "12.0 (devel)" "(s20150603-1110-g18392a46)";
:ivl_delay_selection "TYPICAL";
:vpi_time_precision + 0;
:vpi_module "C:\iverilog\lib\ivl\system.vpi";
:vpi_module "C:\iverilog\lib\ivl\vhdl_sys.vpi";
:vpi_module "C:\iverilog\lib\ivl\vhdl_textio.vpi";
:vpi_module "C:\iverilog\lib\ivl\v2005_math.vpi";
:vpi_module "C:\iverilog\lib\ivl\va_math.vpi";
S_00000181c9372830 .scope module, "controlUnit" "controlUnit" 2 16;
 .timescale 0 0;
    .port_info 0 /INPUT 6 "instr_op";
    .port_info 1 /OUTPUT 1 "reg_dst";
    .port_info 2 /OUTPUT 1 "branch";
    .port_info 3 /OUTPUT 1 "mem_read";
    .port_info 4 /OUTPUT 1 "mem_to_reg";
    .port_info 5 /OUTPUT 2 "alu_op";
    .port_info 6 /OUTPUT 1 "mem_write";
    .port_info 7 /OUTPUT 1 "alu_src";
    .port_info 8 /OUTPUT 1 "reg_write";
v00000181c93729c0_0 .net *"_ivl_10", 8 0, v00000181c93a3a40_0;  1 drivers
v00000181c94bbe70_0 .net "alu_op", 1 0, L_00000181c93a3540;  1 drivers
v00000181c9372a60_0 .net "alu_src", 0 0, L_00000181c93a4120;  1 drivers
v00000181c9372b00_0 .net "branch", 0 0, L_00000181c93a34a0;  1 drivers
o00000181c93a7078 .functor BUFZ 6, C4<zzzzzz>; HiZ drive
v00000181c93a3130_0 .net "instr_op", 5 0, o00000181c93a7078;  0 drivers
v00000181c93a3fe0_0 .net "mem_read", 0 0, L_00000181c93a3400;  1 drivers
v00000181c93a32c0_0 .net "mem_to_reg", 0 0, L_00000181c93a35e0;  1 drivers
v00000181c93a4080_0 .net "mem_write", 0 0, L_00000181c93a3360;  1 drivers
v00000181c93a3220_0 .net "reg_dst", 0 0, L_00000181c93a3cc0;  1 drivers
v00000181c93a3680_0 .net "reg_write", 0 0, L_00000181c93a3f40;  1 drivers
v00000181c93a3a40_0 .var "wires", 8 0;
E_00000181c93a69f0 .event anyedge, v00000181c93a3130_0;
L_00000181c93a3cc0 .part v00000181c93a3a40_0, 8, 1;
L_00000181c93a4120 .part v00000181c93a3a40_0, 7, 1;
L_00000181c93a35e0 .part v00000181c93a3a40_0, 6, 1;
L_00000181c93a3f40 .part v00000181c93a3a40_0, 5, 1;
L_00000181c93a3400 .part v00000181c93a3a40_0, 4, 1;
L_00000181c93a3360 .part v00000181c93a3a40_0, 3, 1;
L_00000181c93a34a0 .part v00000181c93a3a40_0, 2, 1;
L_00000181c93a3540 .part v00000181c93a3a40_0, 0, 2;
    .scope S_00000181c9372830;
T_0 ;
    %wait E_00000181c93a69f0;
    %load/vec4 v00000181c93a3130_0;
    %dup/vec4;
    %pushi/vec4 0, 0, 6;
    %cmp/u;
    %jmp/1 T_0.0, 6;
    %dup/vec4;
    %pushi/vec4 35, 0, 6;
    %cmp/u;
    %jmp/1 T_0.1, 6;
    %dup/vec4;
    %pushi/vec4 43, 0, 6;
    %cmp/u;
    %jmp/1 T_0.2, 6;
    %dup/vec4;
    %pushi/vec4 4, 0, 6;
    %cmp/u;
    %jmp/1 T_0.3, 6;
    %dup/vec4;
    %pushi/vec4 8, 0, 6;
    %cmp/u;
    %jmp/1 T_0.4, 6;
    %jmp T_0.5;
T_0.0 ;
    %pushi/vec4 290, 0, 9;
    %store/vec4 v00000181c93a3a40_0, 0, 9;
    %jmp T_0.5;
T_0.1 ;
    %pushi/vec4 240, 0, 9;
    %store/vec4 v00000181c93a3a40_0, 0, 9;
    %jmp T_0.5;
T_0.2 ;
    %pushi/vec4 456, 320, 9;
    %store/vec4 v00000181c93a3a40_0, 0, 9;
    %jmp T_0.5;
T_0.3 ;
    %pushi/vec4 325, 320, 9;
    %store/vec4 v00000181c93a3a40_0, 0, 9;
    %jmp T_0.5;
T_0.4 ;
    %pushi/vec4 418, 0, 9;
    %store/vec4 v00000181c93a3a40_0, 0, 9;
    %jmp T_0.5;
T_0.5 ;
    %pop/vec4 1;
    %jmp T_0;
    .thread T_0, $push;
# The file index is used to find the file name in the following table.
:file_names 3;
    "N/A";
    "<interactive>";
    "controlUnit.v";
