#! /c/Source/iverilog-install/bin/vvp
:ivl_version "12.0 (devel)" "(s20150603-1110-g18392a46)";
:ivl_delay_selection "TYPICAL";
:vpi_time_precision - 12;
:vpi_module "C:\iverilog\lib\ivl\system.vpi";
:vpi_module "C:\iverilog\lib\ivl\vhdl_sys.vpi";
:vpi_module "C:\iverilog\lib\ivl\vhdl_textio.vpi";
:vpi_module "C:\iverilog\lib\ivl\v2005_math.vpi";
:vpi_module "C:\iverilog\lib\ivl\va_math.vpi";
S_0000015350182850 .scope module, "fixedToFloat" "fixedToFloat" 2 18;
 .timescale -9 -12;
    .port_info 0 /INPUT 1 "clk";
    .port_info 1 /INPUT 1 "rst";
    .port_info 2 /INPUT 32 "targetnumber";
    .port_info 3 /INPUT 5 "fixpointpos";
    .port_info 4 /OUTPUT 32 "result";
v0000015350182e10_0 .var "biasedexponent", 7 0;
o00000153501b7fb8 .functor BUFZ 1, C4<z>; HiZ drive
v0000015350183030_0 .net "clk", 0 0, o00000153501b7fb8;  0 drivers
v00000153501829e0_0 .var "fixednumber", 31 0;
o00000153501b8018 .functor BUFZ 5, C4<zzzzz>; HiZ drive
v0000015350182a80_0 .net "fixpointpos", 4 0, o00000153501b8018;  0 drivers
v0000015350182b20_0 .var/i "leadingoneindex", 31 0;
v000001535016bb40_0 .var "mantissa", 22 0;
v000001535016bbe0_0 .var "result", 31 0;
o00000153501b80d8 .functor BUFZ 1, C4<z>; HiZ drive
v000001535016bc80_0 .net "rst", 0 0, o00000153501b80d8;  0 drivers
v000001535016bd20_0 .var "sign", 0 0;
o00000153501b8138 .functor BUFZ 32, C4<zzzzzzzzzzzzzzzzzzzzzzzzzzzzzzzz>; HiZ drive
v000001535016bdc0_0 .net "targetnumber", 31 0, o00000153501b8138;  0 drivers
E_0000015350169a90/0 .event anyedge, v000001535016bdc0_0, v000001535016bd20_0, v0000015350182b20_0, v00000153501829e0_0;
E_0000015350169a90/1 .event anyedge, v0000015350182a80_0, v0000015350182e10_0, v000001535016bb40_0;
E_0000015350169a90 .event/or E_0000015350169a90/0, E_0000015350169a90/1;
    .scope S_0000015350182850;
T_0 ;
    %wait E_0000015350169a90;
    %load/vec4 v000001535016bdc0_0;
    %cmpi/e 0, 0, 32;
    %jmp/0xz  T_0.0, 4;
    %pushi/vec4 0, 0, 32;
    %store/vec4 v000001535016bbe0_0, 0, 32;
    %jmp T_0.1;
T_0.0 ;
    %load/vec4 v000001535016bdc0_0;
    %parti/s 1, 31, 6;
    %store/vec4 v000001535016bd20_0, 0, 1;
    %load/vec4 v000001535016bd20_0;
    %cmpi/e 1, 0, 1;
    %flag_mov 8, 4;
    %jmp/0 T_0.2, 8;
    %load/vec4 v000001535016bdc0_0;
    %inv;
    %addi 1, 0, 32;
    %jmp/1 T_0.3, 8;
T_0.2 ; End of true expr.
    %load/vec4 v000001535016bdc0_0;
    %jmp/0 T_0.3, 8;
 ; End of false expr.
    %blend;
T_0.3;
    %store/vec4 v00000153501829e0_0, 0, 32;
    %pushi/vec4 32, 0, 32;
    %store/vec4 v0000015350182b20_0, 0, 32;
T_0.4 ;
    %pushi/vec4 0, 0, 32;
    %load/vec4 v0000015350182b20_0;
    %cmp/s;
    %flag_get/vec4 4;
    %flag_get/vec4 5;
    %or;
    %load/vec4 v00000153501829e0_0;
    %load/vec4 v0000015350182b20_0;
    %subi 1, 0, 32;
    %part/s 1;
    %pushi/vec4 0, 0, 1;
    %cmp/e;
    %flag_get/vec4 4;
    %and;
    %flag_set/vec4 8;
    %jmp/0xz T_0.5, 8;
    %load/vec4 v0000015350182b20_0;
    %subi 1, 0, 32;
    %store/vec4 v0000015350182b20_0, 0, 32;
    %jmp T_0.4;
T_0.5 ;
    %pushi/vec4 127, 0, 32;
    %load/vec4 v0000015350182b20_0;
    %add;
    %subi 1, 0, 32;
    %load/vec4 v0000015350182a80_0;
    %pad/u 32;
    %sub;
    %pad/u 8;
    %store/vec4 v0000015350182e10_0, 0, 8;
    %load/vec4 v0000015350182b20_0;
    %cmpi/s 23, 0, 32;
    %flag_or 5, 4;
    %flag_mov 8, 5;
    %jmp/0 T_0.6, 8;
    %load/vec4 v00000153501829e0_0;
    %pushi/vec4 23, 0, 32;
    %load/vec4 v0000015350182b20_0;
    %sub;
    %addi 1, 0, 32;
    %ix/vec4 4;
    %shiftl 4;
    %jmp/1 T_0.7, 8;
T_0.6 ; End of true expr.
    %load/vec4 v00000153501829e0_0;
    %load/vec4 v0000015350182b20_0;
    %subi 24, 0, 32;
    %ix/vec4 4;
    %shiftr 4;
    %jmp/0 T_0.7, 8;
 ; End of false expr.
    %blend;
T_0.7;
    %pad/u 23;
    %store/vec4 v000001535016bb40_0, 0, 23;
    %load/vec4 v000001535016bd20_0;
    %load/vec4 v0000015350182e10_0;
    %concat/vec4; draw_concat_vec4
    %load/vec4 v000001535016bb40_0;
    %concat/vec4; draw_concat_vec4
    %store/vec4 v000001535016bbe0_0, 0, 32;
T_0.1 ;
    %jmp T_0;
    .thread T_0, $push;
# The file index is used to find the file name in the following table.
:file_names 3;
    "N/A";
    "<interactive>";
    "fixedToFloat.v";
